<?xml version="1.0" encoding="UTF-8"?>
<testsuite xmlns:xsi="http://www.w3.org/2001/XMLSchema-instance" xsi:noNamespaceSchemaLocation="https://maven.apache.org/surefire/maven-surefire-plugin/xsd/surefire-test-report-3.0.xsd" version="3.0" name="com.prankishor.loans.LoansApplicationTests" time="12.1" tests="1" errors="0" skipped="0" failures="0">
  <properties>
[...]
</properties>
  <testcase name="contextLoads" classname="com.prankishor.loans.LoansApplicationTests" time="0.599">
    <system-out><![CDATA[Standard Commons Logging discovery in action with spring-jcl: please remove commons-logging.jar from classpath in order to avoid potential conflicts
00:22:58.104 [main] INFO org.springframework.test.context.support.AnnotationConfigContextLoaderUtils -- Could not detect default configuration classes for test class [com.prankishor.loans.LoansApplicationTests]: LoansApplicationTests does not declare any static, non-private, non-final, nested classes annotated with @Configuration.
00:22:58.275 [main] INFO org.springframework.boot.test.context.SpringBootTestContextBootstrapper -- Found @SpringBootConfiguration com.prankishor.loans.LoansApplication for test class com.prankishor.loans.LoansApplicationTests
00:22:58.529 [main] INFO org.springframework.boot.devtools.restart.RestartApplicationListener -- Restart disabled due to context in which it is running

  .   ____          _            __ _ _
 /\\ / ___'_ __ _ _(_)_ __  __ _ \ \ \ \
( ( )\___ | '_ | '_| | '_ \/ _` | \ \ \ \
 \\/  ___)| |_)| | | | | || (_| |  ) ) ) )
  '  |____| .__|_| |_|_| |_\__, | / / / /
 =========|_|==============|___/=/_/_/_/

 :: Spring Boot ::                (v3.3.2)

2024-09-18T00:22:59.137+05:30  WARN 5072 --- [loans] [           main] ory$DuplicateJsonObjectContextCustomizer : 

Found multiple occurrences of org.json.JSONObject on the class path:

	jar:file:/C:/Users/prank/.m2/repository/org/json/json/20240303/json-20240303.jar!/org/json/JSONObject.class
	jar:file:/C:/Users/prank/.m2/repository/com/vaadin/external/google/android-json/0.0.20131108.vaadin1/android-json-0.0.20131108.vaadin1.jar!/org/json/JSONObject.class

You may wish to exclude one of them to ensure predictable runtime behavior

2024-09-18T00:22:59.189+05:30  INFO 5072 --- [loans] [           main] c.p.loans.LoansApplicationTests          : Starting LoansApplicationTests using Java 17.0.12 with PID 5072 (started by prank in D:\Web Dev\ebank-app\loans)
2024-09-18T00:22:59.191+05:30  INFO 5072 --- [loans] [           main] c.p.loans.LoansApplicationTests          : The following 1 profile is active: "prod"
2024-09-18T00:23:01.190+05:30  INFO 5072 --- [loans] [           main] .s.d.r.c.RepositoryConfigurationDelegate : Bootstrapping Spring Data JPA repositories in DEFAULT mode.
2024-09-18T00:23:01.377+05:30  INFO 5072 --- [loans] [           main] .s.d.r.c.RepositoryConfigurationDelegate : Finished Spring Data repository scanning in 173 ms. Found 1 JPA repository interface.
2024-09-18T00:23:01.593+05:30  INFO 5072 --- [loans] [           main] faultConfiguringBeanFactoryPostProcessor : No bean named 'errorChannel' has been explicitly defined. Therefore, a default PublishSubscribeChannel will be created.
2024-09-18T00:23:01.609+05:30  INFO 5072 --- [loans] [           main] faultConfiguringBeanFactoryPostProcessor : No bean named 'integrationHeaderChannelRegistry' has been explicitly defined. Therefore, a default DefaultHeaderChannelRegistry will be created.
2024-09-18T00:23:01.839+05:30  INFO 5072 --- [loans] [           main] o.s.cloud.context.scope.GenericScope     : BeanFactory id=32145727-c59b-3f66-89c3-b03e3319d92e
2024-09-18T00:23:02.598+05:30  INFO 5072 --- [loans] [           main] com.zaxxer.hikari.HikariDataSource       : HikariPool-1 - Starting...
2024-09-18T00:23:02.855+05:30  INFO 5072 --- [loans] [           main] com.zaxxer.hikari.pool.HikariPool        : HikariPool-1 - Added connection conn0: url=jdbc:h2:mem:testdb user=PRANKISHOR
2024-09-18T00:23:02.857+05:30  INFO 5072 --- [loans] [           main] com.zaxxer.hikari.HikariDataSource       : HikariPool-1 - Start completed.
2024-09-18T00:23:03.040+05:30  INFO 5072 --- [loans] [           main] o.hibernate.jpa.internal.util.LogHelper  : HHH000204: Processing PersistenceUnitInfo [name: default]
2024-09-18T00:23:03.183+05:30  INFO 5072 --- [loans] [           main] org.hibernate.Version                    : HHH000412: Hibernate ORM core version 6.5.2.Final
2024-09-18T00:23:03.250+05:30  INFO 5072 --- [loans] [           main] o.h.c.internal.RegionFactoryInitiator    : HHH000026: Second-level cache disabled
2024-09-18T00:23:03.753+05:30  INFO 5072 --- [loans] [           main] o.s.o.j.p.SpringPersistenceUnitInfo      : No LoadTimeWeaver setup: ignoring JPA class transformer
2024-09-18T00:23:03.832+05:30  WARN 5072 --- [loans] [           main] org.hibernate.orm.deprecation            : HHH90000025: H2Dialect does not need to be specified explicitly using 'hibernate.dialect' (remove the property setting and it will be selected by default)
2024-09-18T00:23:04.925+05:30  INFO 5072 --- [loans] [           main] o.h.e.t.j.p.i.JtaPlatformInitiator       : HHH000489: No JTA platform available (set 'hibernate.transaction.jta.platform' to enable JTA platform integration)
Hibernate: alter table if exists loans alter column loan_id set data type bigint
Hibernate: alter table if exists loans alter column created_at set data type timestamp(6)
Hibernate: alter table if exists loans alter column created_by set data type varchar(255)
Hibernate: alter table if exists loans alter column updated_at set data type timestamp(6)
Hibernate: alter table if exists loans alter column updated_by set data type varchar(255)
Hibernate: alter table if exists loans alter column loan_number set data type varchar(255)
Hibernate: alter table if exists loans alter column loan_type set data type varchar(255)
Hibernate: alter table if exists loans alter column mobile_number set data type varchar(255)
2024-09-18T00:23:04.989+05:30  INFO 5072 --- [loans] [           main] j.LocalContainerEntityManagerFactoryBean : Initialized JPA EntityManagerFactory for persistence unit 'default'
2024-09-18T00:23:06.205+05:30  WARN 5072 --- [loans] [           main] JpaBaseConfiguration$JpaWebConfiguration : spring.jpa.open-in-view is enabled by default. Therefore, database queries may be performed during view rendering. Explicitly configure spring.jpa.open-in-view to disable this warning
2024-09-18T00:23:08.096+05:30  INFO 5072 --- [loans] [           main] o.s.c.s.m.DirectWithAttributesChannel    : Channel 'loans.springCloudBusInput' has 1 subscriber(s).
2024-09-18T00:23:08.334+05:30  INFO 5072 --- [loans] [           main] o.s.b.a.h2.H2ConsoleAutoConfiguration    : H2 console available at '/h2-console'. Database available at 'jdbc:h2:mem:testdb'
2024-09-18T00:23:08.626+05:30  INFO 5072 --- [loans] [           main] o.s.b.a.e.web.EndpointLinksResolver      : Exposing 1 endpoint beneath base path '/actuator'
2024-09-18T00:23:08.799+05:30  INFO 5072 --- [loans] [           main] o.s.i.endpoint.EventDrivenConsumer       : Adding {logging-channel-adapter:_org.springframework.integration.errorLogger} as a subscriber to the 'errorChannel' channel
2024-09-18T00:23:08.800+05:30  INFO 5072 --- [loans] [           main] o.s.i.channel.PublishSubscribeChannel    : Channel 'loans.errorChannel' has 1 subscriber(s).
2024-09-18T00:23:08.801+05:30  INFO 5072 --- [loans] [           main] o.s.i.endpoint.EventDrivenConsumer       : started bean '_org.springframework.integration.errorLogger'
2024-09-18T00:23:08.853+05:30  INFO 5072 --- [loans] [           main] o.s.c.s.binder.DefaultBinderFactory      : Creating binder: rabbit
2024-09-18T00:23:08.854+05:30  INFO 5072 --- [loans] [           main] o.s.c.s.binder.DefaultBinderFactory      : Constructing binder child context for rabbit
2024-09-18T00:23:08.969+05:30  INFO 5072 --- [loans] [           main] o.s.c.s.binder.DefaultBinderFactory      : Caching the binder: rabbit
2024-09-18T00:23:09.018+05:30  INFO 5072 --- [loans] [           main] c.s.b.r.p.RabbitExchangeQueueProvisioner : declaring queue for inbound: springCloudBus.anonymous.n5wtvcimRIGWAlDYkiWBKQ, bound to: springCloudBus
2024-09-18T00:23:09.024+05:30  INFO 5072 --- [loans] [           main] o.s.a.r.c.CachingConnectionFactory       : Attempting to connect to: [localhost:5672]
2024-09-18T00:23:09.116+05:30  INFO 5072 --- [loans] [           main] o.s.a.r.c.CachingConnectionFactory       : Created new connection: rabbitConnectionFactory#3d1254b9:0/SimpleConnection@4bbddcc8 [delegate=amqp://guest@127.0.0.1:5672/, localPort=65135]
2024-09-18T00:23:09.198+05:30  INFO 5072 --- [loans] [           main] o.s.c.stream.binder.BinderErrorChannel   : Channel 'rabbit-840931289.springCloudBusInput.errors' has 1 subscriber(s).
2024-09-18T00:23:09.200+05:30  INFO 5072 --- [loans] [           main] o.s.c.stream.binder.BinderErrorChannel   : Channel 'rabbit-840931289.springCloudBusInput.errors' has 2 subscriber(s).
2024-09-18T00:23:09.235+05:30  INFO 5072 --- [loans] [           main] o.s.i.a.i.AmqpInboundChannelAdapter      : started bean 'inbound.springCloudBus.anonymous.n5wtvcimRIGWAlDYkiWBKQ'
2024-09-18T00:23:09.261+05:30  INFO 5072 --- [loans] [           main] c.p.loans.LoansApplicationTests          : Started LoansApplicationTests in 10.759 seconds (process running for 12.248)
]]></system-out>
  </testcase>
</testsuite>